c:\programming\age\engine\libs\vendor\zlib\contrib\vstudio\vc17\x64\zlibdlldebug\vc143.pdb
c:\programming\age\engine\libs\vendor\zlib\contrib\vstudio\vc17\x64\zlibdlldebug\tmp\zutil.obj
c:\programming\age\engine\libs\vendor\zlib\contrib\vstudio\vc17\x64\zlibdlldebug\tmp\zip.obj
c:\programming\age\engine\libs\vendor\zlib\contrib\vstudio\vc17\x64\zlibdlldebug\tmp\unzip.obj
c:\programming\age\engine\libs\vendor\zlib\contrib\vstudio\vc17\x64\zlibdlldebug\tmp\uncompr.obj
c:\programming\age\engine\libs\vendor\zlib\contrib\vstudio\vc17\x64\zlibdlldebug\tmp\trees.obj
c:\programming\age\engine\libs\vendor\zlib\contrib\vstudio\vc17\x64\zlibdlldebug\tmp\iowin32.obj
c:\programming\age\engine\libs\vendor\zlib\contrib\vstudio\vc17\x64\zlibdlldebug\tmp\ioapi.obj
c:\programming\age\engine\libs\vendor\zlib\contrib\vstudio\vc17\x64\zlibdlldebug\tmp\inftrees.obj
c:\programming\age\engine\libs\vendor\zlib\contrib\vstudio\vc17\x64\zlibdlldebug\tmp\inflate.obj
c:\programming\age\engine\libs\vendor\zlib\contrib\vstudio\vc17\x64\zlibdlldebug\tmp\inffast.obj
c:\programming\age\engine\libs\vendor\zlib\contrib\vstudio\vc17\x64\zlibdlldebug\tmp\infback.obj
c:\programming\age\engine\libs\vendor\zlib\contrib\vstudio\vc17\x64\zlibdlldebug\tmp\gzwrite.obj
c:\programming\age\engine\libs\vendor\zlib\contrib\vstudio\vc17\x64\zlibdlldebug\tmp\gzread.obj
c:\programming\age\engine\libs\vendor\zlib\contrib\vstudio\vc17\x64\zlibdlldebug\tmp\gzlib.obj
c:\programming\age\engine\libs\vendor\zlib\contrib\vstudio\vc17\x64\zlibdlldebug\tmp\gzclose.obj
c:\programming\age\engine\libs\vendor\zlib\contrib\vstudio\vc17\x64\zlibdlldebug\tmp\deflate.obj
c:\programming\age\engine\libs\vendor\zlib\contrib\vstudio\vc17\x64\zlibdlldebug\tmp\crc32.obj
c:\programming\age\engine\libs\vendor\zlib\contrib\vstudio\vc17\x64\zlibdlldebug\tmp\compress.obj
c:\programming\age\engine\libs\vendor\zlib\contrib\vstudio\vc17\x64\zlibdlldebug\tmp\adler32.obj
c:\programming\age\engine\libs\vendor\zlib\contrib\vstudio\vc17\x64\zlibdlldebug\zlibwapi.dll
c:\programming\age\engine\libs\vendor\zlib\contrib\vstudio\vc17\x64\zlibdlldebug\zlibwapi.pdb
c:\programming\age\engine\libs\vendor\zlib\contrib\vstudio\vc17\x64\zlibdlldebug\zlibwapi.map
c:\programming\age\engine\libs\vendor\zlib\contrib\vstudio\vc17\x64\zlibdlldebug\tmp\zlib.res
c:\programming\age\engine\libs\vendor\zlib\contrib\vstudio\vc17\x64\zlibdlldebug\zlibwapi.lib
c:\programming\age\engine\libs\vendor\zlib\contrib\vstudio\vc17\x64\zlibdlldebug\zlibwapi.exp
c:\programming\age\engine\libs\vendor\zlib\contrib\vstudio\vc17\x64\zlibdlldebug\tmp\zlibwapi.ilk
c:\programming\age\engine\libs\vendor\zlib\contrib\vstudio\vc17\x64\zlibdlldebug\tmp\zlibvc.tlog\cl.command.1.tlog
c:\programming\age\engine\libs\vendor\zlib\contrib\vstudio\vc17\x64\zlibdlldebug\tmp\zlibvc.tlog\cl.items.tlog
c:\programming\age\engine\libs\vendor\zlib\contrib\vstudio\vc17\x64\zlibdlldebug\tmp\zlibvc.tlog\cl.read.1.tlog
c:\programming\age\engine\libs\vendor\zlib\contrib\vstudio\vc17\x64\zlibdlldebug\tmp\zlibvc.tlog\cl.write.1.tlog
c:\programming\age\engine\libs\vendor\zlib\contrib\vstudio\vc17\x64\zlibdlldebug\tmp\zlibvc.tlog\link.command.1.tlog
c:\programming\age\engine\libs\vendor\zlib\contrib\vstudio\vc17\x64\zlibdlldebug\tmp\zlibvc.tlog\link.read.1.tlog
c:\programming\age\engine\libs\vendor\zlib\contrib\vstudio\vc17\x64\zlibdlldebug\tmp\zlibvc.tlog\link.secondary.1.tlog
c:\programming\age\engine\libs\vendor\zlib\contrib\vstudio\vc17\x64\zlibdlldebug\tmp\zlibvc.tlog\link.write.1.tlog
c:\programming\age\engine\libs\vendor\zlib\contrib\vstudio\vc17\x64\zlibdlldebug\tmp\zlibvc.tlog\rc.command.1.tlog
c:\programming\age\engine\libs\vendor\zlib\contrib\vstudio\vc17\x64\zlibdlldebug\tmp\zlibvc.tlog\rc.read.1.tlog
c:\programming\age\engine\libs\vendor\zlib\contrib\vstudio\vc17\x64\zlibdlldebug\tmp\zlibvc.tlog\rc.write.1.tlog
